<?xml version="1.0" encoding="UTF-8"?>
<testng-results ignored="0" total="2" passed="2" failed="0" skipped="0">
  <reporter-output>
  </reporter-output>
  <suite started-at="2022-12-10T18:13:46 EST" name="Default suite" finished-at="2022-12-10T18:13:46 EST" duration-ms="60">
    <groups>
    </groups>
    <test started-at="2022-12-10T18:13:46 EST" name="Default test" finished-at="2022-12-10T18:13:46 EST" duration-ms="60">
      <class name="TestNGDemo.day_01">
        <test-method signature="SencondTest()[pri:0, instance:TestNGDemo.day_01@7671cb68]" started-at="2022-12-10T18:13:46 EST" name="SencondTest" finished-at="2022-12-10T18:13:46 EST" duration-ms="12" status="PASS">
          <reporter-output>
          </reporter-output>
        </test-method> <!-- SencondTest -->
        <test-method signature="demo()[pri:0, instance:TestNGDemo.day_01@7671cb68]" started-at="2022-12-10T18:13:46 EST" name="demo" finished-at="2022-12-10T18:13:46 EST" duration-ms="1" status="PASS">
          <reporter-output>
          </reporter-output>
        </test-method> <!-- demo -->
        <test-method is-config="true" signature="LastExecution()[pri:0, instance:TestNGDemo.day_01@7671cb68]" started-at="2022-12-10T18:13:46 EST" name="LastExecution" finished-at="2022-12-10T18:13:46 EST" duration-ms="2" status="PASS">
          <reporter-output>
          </reporter-output>
        </test-method> <!-- LastExecution -->
      </class> <!-- TestNGDemo.day_01 -->
    </test> <!-- Default test -->
  </suite> <!-- Default suite -->
</testng-results>
