<?xml version="1.0" encoding="UTF-8"?>
<!-- Generated by org.testng.reporters.JUnitXMLReporter -->
<testsuite ignored="0" hostname="DESKTOP-LGO5BEJ" failures="0" tests="3" name="Personal loan" time="0.054" errors="0" timestamp="2022-11-27T20:33:08 EST">
  <testcase classname="TestNGDemo.day_01" name="SencondTest" time="0.007"/>
  <testcase classname="TestNGDemo.day_01" name="demo" time="0.004"/>
  <testcase classname="TestNGDemo.day_02" name="loan" time="0.002"/>
</testsuite> <!-- Personal loan -->
