<?xml version="1.0" encoding="UTF-8"?>
<!-- Generated by org.testng.reporters.JUnitXMLReporter -->
<testsuite ignored="1" hostname="DESKTOP-LGO5BEJ" failures="0" tests="5" name="Personal loan" time="0.055" errors="0" timestamp="2022-12-10T12:40:27 EST">
  <testcase classname="TestNGDemo.day_01" name="demo" time="0.005"/>
  <testcase classname="TestNGDemo.day_02" name="loan" time="0.0"/>
  <testcase classname="TestNGDemo.day_04" name="LoginApiHomeLoan" time="0.001"/>
  <testcase classname="TestNGDemo.day_04" name="MobileLoginHomeLoan" time="0.001"/>
  <testcase classname="TestNGDemo.day_04" name="WebloginHomeLoan" time="0.001"/>
  <testcase classname="TestNGDemo.day_01" name="SencondTest" time="0.0">
    <ignored/>
  </testcase> <!-- SencondTest -->
</testsuite> <!-- Personal loan -->
